<?xml version="1.0" encoding="UTF-8"?>
<testng-results skipped="0" failed="0" ignored="0" total="1" passed="1">
  <reporter-output>
  </reporter-output>
  <suite name="Default suite" duration-ms="65" started-at="2021-11-29T16:34:38Z" finished-at="2021-11-29T16:34:38Z">
    <groups>
    </groups>
    <test name="Default test" duration-ms="65" started-at="2021-11-29T16:34:38Z" finished-at="2021-11-29T16:34:38Z">
      <class name="org.TestNG.NewTest">
        <test-method status="PASS" signature="m1()[pri:0, instance:org.TestNG.NewTest@548a9f61]" name="m1" duration-ms="18" started-at="2021-11-29T16:34:38Z" finished-at="2021-11-29T16:34:38Z">
          <reporter-output>
          </reporter-output>
        </test-method> <!-- m1 -->
      </class> <!-- org.TestNG.NewTest -->
    </test> <!-- Default test -->
  </suite> <!-- Default suite -->
</testng-results>
